[14:52:27] [main/INFO] (FabricLoader) Loading for game Minecraft 1.16.2
[14:52:28] [main/INFO] (Fabric|Loader) [FabricLoader] Loading 39 mods: fabric-screen-handler-api-v1@1.1.0+872498414e, fabric-renderer-api-v1@0.2.13+eae12eb84e, minecraft@1.16.2, fabric-networking-blockentity-v0@0.2.5+b50ffc7b4e, fabric-keybindings-v0@0.2.0+3fa9f7c54e, fabric-command-api-v1@1.0.8+5ce533984e, fabricloader@0.9.1+build.205, fabric-tool-attribute-api-v1@1.2.1+02fb8fda4e, fabric-renderer-indigo@0.3.4+5d32f5834e, fabric-containers-v0@0.1.8+045df74f4e, fabric-object-builder-api-v1@1.6.0+e81ec80b4e, fabric-events-interaction-v0@0.3.3+7066030f4e, fabric-item-api-v1@1.0.0+16acbe5b4e, fabric-crash-report-info-v1@0.1.2+b7f9825d4e, fabric-game-rule-api-v1@1.0.1+91555cd14e, fabric-api-base@0.1.3+12a8474c4e, fabric-rendering-v0@1.1.0+534104904e, fabric-key-binding-api-v1@1.0.1+730711c64e, fabric-rendering-v1@1.2.0+fc24ff244e, fabric-rendering-data-attachment-v1@0.1.3+b7f9825d4e, fabric-resource-loader-v0@0.2.9+e5d3217f4e, fabric-textures-v0@1.0.4+eae12eb84e, fabric-content-registries-v0@0.1.9+059ea8664e, fabric-tag-extensions-v0@1.0.3+ac8e8c594e, fabric-rendering-fluids-v1@0.1.10+e5d3217f4e, fabric-registry-sync-v0@0.4.3+e5d3217f4e, fabric-commands-v0@0.2.0+52d308364e, fabric-blockrenderlayer-v1@1.1.4+c6a8ea894e, fabric-lifecycle-events-v1@1.2.0+74cc3b204e, fabric-mining-levels-v0@0.1.2+b764ce994e, fabric-renderer-registries-v1@2.1.0+e2862de64e, fabric-loot-tables-v1@1.0.0+fac8f3664e, fabric-events-lifecycle-v0@0.2.0+16acbe5b4e, fabric@0.18.0+build.397-1.16, fabric-item-groups-v0@0.2.0+438f96364e, fabric-particles-v1@0.2.1+0a6f2a704e, fabric-models-v0@0.1.0+dfdb52d64e, fabric-object-builders-v0@0.6.1+ba4afa574e, fabric-networking-v0@0.1.10+e00ecb5f4e
[14:52:28] [main/INFO] (mixin) SpongePowered MIXIN Subsystem Version=0.8.1 Source=file:/C:/Users/Roi/.gradle/caches/modules-2/files-2.1/net.fabricmc/sponge-mixin/0.8.1+build.21/94da90bdbee9f95bf6d6c41ca87943419a0b5624/sponge-mixin-0.8.1+build.21.jar Service=Knot/Fabric Env=CLIENT
[14:52:28] [main/INFO] (Fabric|MixinBootstrap) Loaded Fabric development mappings for mixin remapper!
[14:52:28] [main/INFO] (mixin) Remapping refMap fabric-networking-v0-refmap.json using remapper chain
[14:52:28] [main/INFO] (mixin) Remapping refMap fabric-networking-blockentity-v0-refmap.json using remapper chain
[14:52:28] [main/INFO] (mixin) Remapping refMap fabric-screen-handler-api-v1-refmap.json using remapper chain
[14:52:28] [main/INFO] (mixin) Remapping refMap fabric-lifecycle-events-v1-refmap.json using remapper chain
[14:52:28] [main/INFO] (mixin) Remapping refMap fabric-containers-v0-refmap.json using remapper chain
[14:52:28] [main/INFO] (mixin) Remapping refMap fabric-renderer-indigo-refmap.json using remapper chain
[14:52:28] [main/INFO] (mixin) Remapping refMap fabric-rendering-data-attachment-v1-refmap.json using remapper chain
[14:52:28] [main/INFO] (mixin) Remapping refMap fabric-events-interaction-v0-refmap.json using remapper chain
[14:52:28] [main/INFO] (mixin) Remapping refMap fabric-item-api-v1-refmap.json using remapper chain
[14:52:28] [main/INFO] (mixin) Remapping refMap fabric-loot-tables-v1-refmap.json using remapper chain
[14:52:28] [main/INFO] (mixin) Remapping refMap fabric-object-builder-api-v1-refmap.json using remapper chain
[14:52:28] [main/INFO] (mixin) Remapping refMap fabric-renderer-registries-v1-refmap.json using remapper chain
[14:52:28] [main/INFO] (mixin) Remapping refMap fabric-textures-v0-refmap.json using remapper chain
[14:52:28] [main/INFO] (mixin) Remapping refMap fabric-registry-sync-v0-refmap.json using remapper chain
[14:52:28] [main/INFO] (mixin) Remapping refMap fabric-models-v0-refmap.json using remapper chain
[14:52:28] [main/INFO] (mixin) Remapping refMap fabric-blockrenderlayer-v1-refmap.json using remapper chain
[14:52:28] [main/INFO] (mixin) Remapping refMap fabric-renderer-api-v1-refmap.json using remapper chain
[14:52:28] [main/INFO] (mixin) Remapping refMap fabric-containers-v0-refmap.json using remapper chain
[14:52:28] [main/INFO] (mixin) Remapping refMap fabric-rendering-fluids-v1-refmap.json using remapper chain
[14:52:28] [main/INFO] (mixin) Remapping refMap fabric-resource-loader-v0-refmap.json using remapper chain
[14:52:28] [main/INFO] (mixin) Remapping refMap fabric-game-rule-api-v1-refmap.json using remapper chain
[14:52:28] [main/INFO] (mixin) Remapping refMap fabric-particles-v1-refmap.json using remapper chain
[14:52:28] [main/INFO] (mixin) Remapping refMap fabric-object-builders-refmap.json using remapper chain
[14:52:28] [main/INFO] (mixin) Remapping refMap fabric-tag-extensions-v0-refmap.json using remapper chain
[14:52:28] [main/INFO] (mixin) Remapping refMap fabric-tool-attribute-api-v1-refmap.json using remapper chain
[14:52:28] [main/INFO] (mixin) Remapping refMap fabric-rendering-v1-refmap.json using remapper chain
[14:52:28] [main/INFO] (mixin) Remapping refMap fabric-item-groups-v0-refmap.json using remapper chain
[14:52:28] [main/INFO] (mixin) Remapping refMap fabric-content-registries-v0-refmap.json using remapper chain
[14:52:28] [main/INFO] (mixin) Remapping refMap fabric-command-api-v1-refmap.json using remapper chain
[14:52:28] [main/INFO] (mixin) Remapping refMap fabric-crash-report-info-v1-refmap.json using remapper chain
[14:52:28] [main/INFO] (mixin) Remapping refMap fabric-key-binding-api-v1-refmap.json using remapper chain
[14:52:28] [main/INFO] (mixin) Remapping refMap fabric-renderer-api-v1-refmap.json using remapper chain
[14:52:28] [main/WARN] (mixin) @Mixin target net/minecraft/server/world/ThreadedAnvilChunkStorage$EntityTracker is public in fabric-networking-v0.mixins.json:MixinEntityTracker and should be specified in value
[14:52:29] [main/WARN] (mixin) @Mixin target net/minecraft/client/render/block/BlockModelRenderer$AmbientOcclusionCalculator is public in fabric-renderer-indigo.mixins.json:MixinAmbientOcclusionCalculator and should be specified in value
[14:52:29] [main/WARN] (mixin) @Mixin target net/minecraft/client/render/chunk/ChunkBuilder$BuiltChunk$RebuildTask is public in fabric-renderer-indigo.mixins.json:MixinChunkRebuildTask and should be specified in value
[14:52:29] [main/WARN] (mixin) @Mixin target net/minecraft/server/command/GameRuleCommand$1 is public in fabric-game-rule-api-v1.mixins.json:GameRuleCommandVisitorMixin and should be specified in value
[14:52:29] [main/WARN] (mixin) @Mixin target net/minecraft/client/gui/screen/world/EditGameRulesScreen$RuleListWidget$1 is public in fabric-game-rule-api-v1.mixins.json:client.RuleListWidgetVisitorMixin and should be specified in value
[14:52:29] [main/WARN] (mixin) @Mixin target net/minecraft/client/particle/ParticleManager$SimpleSpriteProvider is public in fabric-particles-v1.mixins.json:ParticleManagerAccessor$SimpleSpriteProviderAccessor and should be specified in value
[14:52:29] [main/WARN] (mixin) @Mixin target net/minecraft/tag/Tag$1 is public in fabric-tag-extensions-v0.mixins.json:MixinTagImpl and should be specified in value
[14:52:29] [main/WARN] (mixin) @Mixin target net/minecraft/tag/RequiredTagList$TagWrapper is public in fabric-tag-extensions-v0.mixins.json:MixinTagImpl and should be specified in value
[14:52:34] [main/ERROR] (Minecraft) Can't find the resource index file: C:\Users\Roi\.gradle\caches\fabric-loom\assets\indexes\1.16.2-1.16.json
[14:52:34] [main/INFO] (Minecraft) Environment: authHost='https://authserver.mojang.com', accountsHost='https://api.mojang.com', sessionHost='https://sessionserver.mojang.com', name='PROD'
[14:52:34] [main/INFO] (Minecraft) Setting user: Player806
[14:52:34] [main/INFO] (Indigo) [Indigo] Registering Indigo renderer!
[14:52:34] [main/INFO] (Minecraft) [STDERR]: [LWJGL] Failed to load a library. Possible solutions:
	a) Add the directory that contains the shared library to -Djava.library.path or -Dorg.lwjgl.librarypath.
	b) Add the JAR that contains the shared library to the classpath.
[14:52:34] [main/INFO] (Minecraft) [STDERR]: [LWJGL] Enable debug mode with -Dorg.lwjgl.util.Debug=true for better diagnostics.
[14:52:34] [main/INFO] (Minecraft) [STDERR]: [LWJGL] Enable the SharedLibraryLoader debug mode with -Dorg.lwjgl.util.DebugLoader=true for better diagnostics.
